#
# There is insufficient memory for the Java Runtime Environment to continue.
# Native memory allocation (malloc) failed to allocate 32744 bytes for Chunk::new
# Possible reasons:
#   The system is out of physical RAM or swap space
#   The process is running with CompressedOops enabled, and the Java Heap may be blocking the growth of the native heap
# Possible solutions:
#   Reduce memory load on the system
#   Increase physical memory or swap space
#   Check if swap backing store is full
#   Decrease Java heap size (-Xmx/-Xms)
#   Decrease number of Java threads
#   Decrease Java thread stack sizes (-Xss)
#   Set larger code cache with -XX:ReservedCodeCacheSize=
#   JVM is running with Zero Based Compressed Oops mode in which the Java heap is
#     placed in the first 32GB address space. The Java Heap base address is the
#     maximum limit for the native heap growth. Please use -XX:HeapBaseMinAddress
#     to set the Java Heap base and to place the Java Heap above 32GB virtual address.
# This output file may be truncated or incomplete.
#
#  Out of Memory Error (arena.cpp:168), pid=4572, tid=1096
#
# JRE version: OpenJDK Runtime Environment (21.0.1+12) (build 21.0.1+12-29)
# Java VM: OpenJDK 64-Bit Server VM (21.0.1+12-29, mixed mode, emulated-client, sharing, tiered, compressed oops, compressed class ptrs, g1 gc, windows-amd64)
# No core dump will be written. Minidumps are not enabled by default on client versions of Windows
#

---------------  S U M M A R Y ------------

Command Line: -XX:TieredStopAtLevel=1 -Dspring.output.ansi.enabled=always -Dcom.sun.management.jmxremote -Dspring.jmx.enabled=true -Dspring.liveBeansView.mbeanDomain -Dspring.application.admin.enabled=true -Dmanagement.endpoints.jmx.exposure.include=* -javaagent:C:\Program Files\JetBrains\IntelliJ IDEA 2024.1.1\lib\idea_rt.jar=54960:C:\Program Files\JetBrains\IntelliJ IDEA 2024.1.1\bin -Dfile.encoding=UTF-8 -Dsun.stdout.encoding=UTF-8 -Dsun.stderr.encoding=UTF-8 com.example.AppIronLotus.AppIronLotusApplication

Host: AMD Ryzen 5 4600H with Radeon Graphics         , 12 cores, 15G,  Windows 10 , 64 bit Build 19041 (10.0.19041.5198)
Time: Mon Dec 23 20:52:33 2024 RTZ 4 (s 10 , 64 bit Build 19041 (10.0.19041.5198) elapsed time: 6.195989 seconds (0d 0h 0m 6s)

---------------  T H R E A D  ---------------

Current thread (0x0000023c6114c5c0):  JavaThread "C1 CompilerThread0" daemon [_thread_in_native, id=1096, stack(0x00000068cd200000,0x00000068cd300000) (1024K)]


Current CompileTask:
C1:   6196 1957   !   1      
[error occurred during error reporting (printing current compile task), id 0xe0000001, Out of Memory Error (s\open\src\hotspot\share\memory\arena.cpp:168)]
Stack: [0x00000068cd200000,0x00000068cd300000]
Native frames: (J=compiled Java code, j=interpreted, Vv=VM code, C=native code)
V  [jvm.dll+0x6c9029]
V  [jvm.dll+0x854b81]
V  [jvm.dll+0x856e5e]
V  [jvm.dll+0x857543]
V  [jvm.dll+0x280c06]
V  [jvm.dll+0xc3ead]
V  [jvm.dll+0xc43c3]
V  [jvm.dll+0x7bea8c]
V  [jvm.dll+0x7beb79]
V  [jvm.dll+0x67bd69]
V  [jvm.dll+0x25c777]
V  [jvm.dll+0x25cd07]
V  [jvm.dll+0x8549f7]
V  [jvm.dll+0x856e5e]
V  [jvm.dll+0x857543]
V  [jvm.dll+0x280c06]
V  [jvm.dll+0xc3ead]
V  [jvm.dll+0xc43c3]
V  [jvm.dll+0x1adc90]
V  [jvm.dll+0x153cfd]
V  [jvm.dll+0x153f83]
V  [jvm.dll+0x154244]
V  [jvm.dll+0x153686]
V  [jvm.dll+0x1553ed]
V  [jvm.dll+0x2586b9]
V  [jvm.dll+0x256c9a]
V  [jvm.dll+0x3ef1b6]
V  [jvm.dll+0x7fd728]
V  [jvm.dll+0x6c777d]
C  [ucrtbase.dll+0x21bb2]
C  [KERNEL32.DLL+0x17374]
C  [ntdll.dll+0x4cc91]


---------------  P R O C E S S  ---------------

Threads class SMR info:
_java_thread_list=0x0000023c6bcfeb80, length=24, elements={
0x0000023c61144f90, 0x0000023c61146450, 0x0000023c61147b90, 0x0000023c61149760,
0x0000023c6114a960, 0x0000023c6114bb60, 0x0000023c6114c5c0, 0x0000023c61343c80,
0x0000023c6135e2d0, 0x0000023c6136f890, 0x0000023c617704e0, 0x0000023c61772fe0,
0x0000023c619dbf40, 0x0000023c61a48920, 0x0000023c61a49fa0, 0x0000023c61a4e380,
0x0000023c61a592f0, 0x0000023c4bf1c2a0, 0x0000023c61d8a3f0, 0x0000023c61e397e0,
0x0000023c6bc5c170, 0x0000023c6bc5c800, 0x0000023c6bc5e240, 0x0000023c6bc5ce90
}

Java Threads: ( => current thread )
  0x0000023c61144f90 JavaThread "Reference Handler"          daemon [_thread_blocked, id=18716, stack(0x00000068ccc00000,0x00000068ccd00000) (1024K)]
  0x0000023c61146450 JavaThread "Finalizer"                  daemon [_thread_blocked, id=9988, stack(0x00000068ccd00000,0x00000068cce00000) (1024K)]
  0x0000023c61147b90 JavaThread "Signal Dispatcher"          daemon [_thread_blocked, id=4232, stack(0x00000068cce00000,0x00000068ccf00000) (1024K)]
  0x0000023c61149760 JavaThread "Attach Listener"            daemon [_thread_blocked, id=10220, stack(0x00000068ccf00000,0x00000068cd000000) (1024K)]
  0x0000023c6114a960 JavaThread "Service Thread"             daemon [_thread_blocked, id=21628, stack(0x00000068cd000000,0x00000068cd100000) (1024K)]
  0x0000023c6114bb60 JavaThread "Monitor Deflation Thread"   daemon [_thread_blocked, id=17568, stack(0x00000068cd100000,0x00000068cd200000) (1024K)]
=>0x0000023c6114c5c0 JavaThread "C1 CompilerThread0"         daemon [_thread_in_native, id=1096, stack(0x00000068cd200000,0x00000068cd300000) (1024K)]
  0x0000023c61343c80 JavaThread "Common-Cleaner"             daemon [_thread_blocked, id=21572, stack(0x00000068cd300000,0x00000068cd400000) (1024K)]
  0x0000023c6135e2d0 JavaThread "C1 CompilerThread1"         daemon [_thread_blocked, id=10868, stack(0x00000068cd400000,0x00000068cd500000) (1024K)]
  0x0000023c6136f890 JavaThread "C1 CompilerThread2"         daemon [_thread_blocked, id=15124, stack(0x00000068cd500000,0x00000068cd600000) (1024K)]
  0x0000023c617704e0 JavaThread "Monitor Ctrl-Break"         daemon [_thread_in_native, id=20052, stack(0x00000068cd700000,0x00000068cd800000) (1024K)]
  0x0000023c61772fe0 JavaThread "Notification Thread"        daemon [_thread_blocked, id=17984, stack(0x00000068cd800000,0x00000068cd900000) (1024K)]
  0x0000023c619dbf40 JavaThread "RMI TCP Accept-0"           daemon [_thread_in_native, id=13184, stack(0x00000068cd900000,0x00000068cda00000) (1024K)]
  0x0000023c61a48920 JavaThread "Java2D Disposer"            daemon [_thread_blocked, id=18644, stack(0x00000068cda00000,0x00000068cdb00000) (1024K)]
  0x0000023c61a49fa0 JavaThread "AWT-Shutdown"                      [_thread_blocked, id=8932, stack(0x00000068cdb00000,0x00000068cdc00000) (1024K)]
  0x0000023c61a4e380 JavaThread "AWT-Windows"                daemon [_thread_in_native, id=22468, stack(0x00000068cdc00000,0x00000068cdd00000) (1024K)]
  0x0000023c61a592f0 JavaThread "AWT-EventQueue-0"                  [_thread_blocked, id=2712, stack(0x00000068cdd00000,0x00000068cde00000) (1024K)]
  0x0000023c4bf1c2a0 JavaThread "DestroyJavaVM"                     [_thread_blocked, id=22788, stack(0x00000068cc400000,0x00000068cc500000) (1024K)]
  0x0000023c61d8a3f0 JavaThread "Image Fetcher 0"            daemon [_thread_blocked, id=8364, stack(0x00000068ce800000,0x00000068ce900000) (1024K)]
  0x0000023c61e397e0 JavaThread "TimerQueue"                 daemon [_thread_blocked, id=8340, stack(0x00000068ce900000,0x00000068cea00000) (1024K)]
  0x0000023c6bc5c170 JavaThread "D3D Screen Updater"         daemon [_thread_blocked, id=12536, stack(0x00000068cf400000,0x00000068cf500000) (1024K)]
  0x0000023c6bc5c800 JavaThread "RMI TCP Connection(2)-26.49.99.109" daemon [_thread_in_native, id=11668, stack(0x00000068cf500000,0x00000068cf600000) (1024K)]
  0x0000023c6bc5e240 JavaThread "RMI Scheduler(0)"           daemon [_thread_blocked, id=2024, stack(0x00000068cf600000,0x00000068cf700000) (1024K)]
  0x0000023c6bc5ce90 JavaThread "RMI TCP Connection(3)-26.49.99.109" daemon [_thread_in_native, id=15884, stack(0x00000068cf700000,0x00000068cf800000) (1024K)]
Total: 24

Other Threads:
  0x0000023c4bf02ed0 VMThread "VM Thread"                           [id=14740, stack(0x00000068ccb00000,0x00000068ccc00000) (1024K)]
  0x0000023c6110cd50 WatcherThread "VM Periodic Task Thread"        [id=23980, stack(0x00000068cca00000,0x00000068ccb00000) (1024K)]
  0x0000023c4bf03d50 WorkerThread "GC Thread#0"                     [id=11268, stack(0x00000068cc500000,0x00000068cc600000) (1024K)]
  0x0000023c4bf040f0 WorkerThread "GC Thread#1"                     [id=22552, stack(0x00000068cea00000,0x00000068ceb00000) (1024K)]
  0x0000023c61e50c70 WorkerThread "GC Thread#2"                     [id=22780, stack(0x00000068ceb00000,0x00000068cec00000) (1024K)]
  0x0000023c61e4d270 WorkerThread "GC Thread#3"                     [id=864, stack(0x00000068cec00000,0x00000068ced00000) (1024K)]
  0x0000023c61e4fdf0 WorkerThread "GC Thread#4"                     [id=22448, stack(0x00000068ced00000,0x00000068cee00000) (1024K)]
  0x0000023c61e4ebd0 WorkerThread "GC Thread#5"                     [id=2152, stack(0x00000068cee00000,0x00000068cef00000) (1024K)]
  0x0000023c61e4e0f0 WorkerThread "GC Thread#6"                     [id=11044, stack(0x00000068cef00000,0x00000068cf000000) (1024K)]
  0x0000023c61e4d9b0 WorkerThread "GC Thread#7"                     [id=5016, stack(0x00000068cf000000,0x00000068cf100000) (1024K)]
  0x0000023c61e4f6b0 WorkerThread "GC Thread#8"                     [id=10828, stack(0x00000068cf100000,0x00000068cf200000) (1024K)]
  0x0000023c61e508d0 WorkerThread "GC Thread#9"                     [id=20856, stack(0x00000068cf200000,0x00000068cf300000) (1024K)]
  0x0000023c4e110940 ConcurrentGCThread "G1 Main Marker"            [id=11776, stack(0x00000068cc600000,0x00000068cc700000) (1024K)]
  0x0000023c4bf04490 WorkerThread "G1 Conc#0"                       [id=1688, stack(0x00000068cc700000,0x00000068cc800000) (1024K)]
  0x0000023c4e15e990 ConcurrentGCThread "G1 Refine#0"               [id=2860, stack(0x00000068cc800000,0x00000068cc900000) (1024K)]
  0x0000023c60fe1950 ConcurrentGCThread "G1 Service"                [id=21116, stack(0x00000068cc900000,0x00000068cca00000) (1024K)]
Total: 16

Threads with active compile tasks:
C1 CompilerThread0     6229 1957   !   1       java.awt.DefaultKeyboardFocusManager::dispatchEvent (1625 bytes)
Total: 1

VM state: not at safepoint (normal execution)

VM Mutex/Monitor currently owned by a thread: None

Heap address: 0x000000070a000000, size: 3936 MB, Compressed Oops mode: Zero based, Oop shift amount: 3

CDS archive(s) mapped at: [0x0000023c00000000-0x0000023c00c90000-0x0000023c00c90000), size 13172736, SharedBaseAddress: 0x0000023c00000000, ArchiveRelocationMode: 1.
Compressed class space mapped at: 0x0000023c01000000-0x0000023c41000000, reserved size: 1073741824
Narrow klass base: 0x0000023c00000000, Narrow klass shift: 0, Narrow klass range: 0x100000000

GC Precious Log:
 CardTable entry size: 512
 Card Set container configuration: InlinePtr #cards 4 size 8 Array Of Cards #cards 16 size 48 Howl #buckets 8 coarsen threshold 3686 Howl Bitmap #cards 512 size 80 coarsen threshold 460 Card regions per heap region 1 cards per card region 4096
 CPUs: 12 total, 12 available
 Memory: 15741M
 Large Page Support: Disabled
 NUMA Support: Disabled
 Compressed Oops: Enabled (Zero based)
 Heap Region Size: 2M
 Heap Min Capacity: 8M
 Heap Initial Capacity: 246M
 Heap Max Capacity: 3936M
 Pre-touch: Disabled
 Parallel Workers: 10
 Concurrent Workers: 3
 Concurrent Refinement Workers: 10
 Periodic GC: Disabled

Heap:
 garbage-first heap   total 251904K, used 12189K [0x000000070a000000, 0x0000000800000000)
  region size 2048K, 5 young (10240K), 2 survivors (4096K)
 Metaspace       used 12997K, committed 13312K, reserved 1114112K
  class space    used 1593K, committed 1728K, reserved 1048576K

Heap Regions: E=young(eden), S=young(survivor), O=old, HS=humongous(starts), HC=humongous(continues), CS=collection set, F=free, TAMS=top-at-mark-start, PB=parsable bottom
|   0|0x000000070a000000, 0x000000070a200000, 0x000000070a200000|100%| O|  |TAMS 0x000000070a000000| PB 0x000000070a000000| Untracked 
|   1|0x000000070a200000, 0x000000070a3e7418, 0x000000070a400000| 95%| O|  |TAMS 0x000000070a200000| PB 0x000000070a200000| Untracked 
|   2|0x000000070a400000, 0x000000070a400000, 0x000000070a600000|  0%| F|  |TAMS 0x000000070a400000| PB 0x000000070a400000| Untracked 
|   3|0x000000070a600000, 0x000000070a600000, 0x000000070a800000|  0%| F|  |TAMS 0x000000070a600000| PB 0x000000070a600000| Untracked 
|   4|0x000000070a800000, 0x000000070a800000, 0x000000070aa00000|  0%| F|  |TAMS 0x000000070a800000| PB 0x000000070a800000| Untracked 
|   5|0x000000070aa00000, 0x000000070aa00000, 0x000000070ac00000|  0%| F|  |TAMS 0x000000070aa00000| PB 0x000000070aa00000| Untracked 
|   6|0x000000070ac00000, 0x000000070ac00000, 0x000000070ae00000|  0%| F|  |TAMS 0x000000070ac00000| PB 0x000000070ac00000| Untracked 
|   7|0x000000070ae00000, 0x000000070ae00000, 0x000000070b000000|  0%| F|  |TAMS 0x000000070ae00000| PB 0x000000070ae00000| Untracked 
|   8|0x000000070b000000, 0x000000070b000000, 0x000000070b200000|  0%| F|  |TAMS 0x000000070b000000| PB 0x000000070b000000| Untracked 
|   9|0x000000070b200000, 0x000000070b200000, 0x000000070b400000|  0%| F|  |TAMS 0x000000070b200000| PB 0x000000070b200000| Untracked 
|  10|0x000000070b400000, 0x000000070b400000, 0x000000070b600000|  0%| F|  |TAMS 0x000000070b400000| PB 0x000000070b400000| Untracked 
|  11|0x000000070b600000, 0x000000070b600000, 0x000000070b800000|  0%| F|  |TAMS 0x000000070b600000| PB 0x000000070b600000| Untracked 
|  12|0x000000070b800000, 0x000000070b800000, 0x000000070ba00000|  0%| F|  |TAMS 0x000000070b800000| PB 0x000000070b800000| Untracked 
|  13|0x000000070ba00000, 0x000000070ba00000, 0x000000070bc00000|  0%| F|  |TAMS 0x000000070ba00000| PB 0x000000070ba00000| Untracked 
|  14|0x000000070bc00000, 0x000000070bc00000, 0x000000070be00000|  0%| F|  |TAMS 0x000000070bc00000| PB 0x000000070bc00000| Untracked 
|  15|0x000000070be00000, 0x000000070be00000, 0x000000070c000000|  0%| F|  |TAMS 0x000000070be00000| PB 0x000000070be00000| Untracked 
|  16|0x000000070c000000, 0x000000070c000000, 0x000000070c200000|  0%| F|  |TAMS 0x000000070c000000| PB 0x000000070c000000| Untracked 
|  17|0x000000070c200000, 0x000000070c200000, 0x000000070c400000|  0%| F|  |TAMS 0x000000070c200000| PB 0x000000070c200000| Untracked 
|  18|0x000000070c400000, 0x000000070c400000, 0x000000070c600000|  0%| F|  |TAMS 0x000000070c400000| PB 0x000000070c400000| Untracked 
|  19|0x000000070c600000, 0x000000070c600000, 0x000000070c800000|  0%| F|  |TAMS 0x000000070c600000| PB 0x000000070c600000| Untracked 
|  20|0x000000070c800000, 0x000000070c800000, 0x000000070ca00000|  0%| F|  |TAMS 0x000000070c800000| PB 0x000000070c800000| Untracked 
|  21|0x000000070ca00000, 0x000000070ca00000, 0x000000070cc00000|  0%| F|  |TAMS 0x000000070ca00000| PB 0x000000070ca00000| Untracked 
|  22|0x000000070cc00000, 0x000000070cc00000, 0x000000070ce00000|  0%| F|  |TAMS 0x000000070cc00000| PB 0x000000070cc00000| Untracked 
|  23|0x000000070ce00000, 0x000000070ce00000, 0x000000070d000000|  0%| F|  |TAMS 0x000000070ce00000| PB 0x000000070ce00000| Untracked 
|  24|0x000000070d000000, 0x000000070d000000, 0x000000070d200000|  0%| F|  |TAMS 0x000000070d000000| PB 0x000000070d000000| Untracked 
|  25|0x000000070d200000, 0x000000070d200000, 0x000000070d400000|  0%| F|  |TAMS 0x000000070d200000| PB 0x000000070d200000| Untracked 
|  26|0x000000070d400000, 0x000000070d400000, 0x000000070d600000|  0%| F|  |TAMS 0x000000070d400000| PB 0x000000070d400000| Untracked 
|  27|0x000000070d600000, 0x000000070d600000, 0x000000070d800000|  0%| F|  |TAMS 0x000000070d600000| PB 0x000000070d600000| Untracked 
|  28|0x000000070d800000, 0x000000070d800000, 0x000000070da00000|  0%| F|  |TAMS 0x000000070d800000| PB 0x000000070d800000| Untracked 
|  29|0x000000070da00000, 0x000000070da00000, 0x000000070dc00000|  0%| F|  |TAMS 0x000000070da00000| PB 0x000000070da00000| Untracked 
|  30|0x000000070dc00000, 0x000000070dc00000, 0x000000070de00000|  0%| F|  |TAMS 0x000000070dc00000| PB 0x000000070dc00000| Untracked 
|  31|0x000000070de00000, 0x000000070de00000, 0x000000070e000000|  0%| F|  |TAMS 0x000000070de00000| PB 0x000000070de00000| Untracked 
|  32|0x000000070e000000, 0x000000070e000000, 0x000000070e200000|  0%| F|  |TAMS 0x000000070e000000| PB 0x000000070e000000| Untracked 
|  33|0x000000070e200000, 0x000000070e200000, 0x000000070e400000|  0%| F|  |TAMS 0x000000070e200000| PB 0x000000070e200000| Untracked 
|  34|0x000000070e400000, 0x000000070e400000, 0x000000070e600000|  0%| F|  |TAMS 0x000000070e400000| PB 0x000000070e400000| Untracked 
|  35|0x000000070e600000, 0x000000070e600000, 0x000000070e800000|  0%| F|  |TAMS 0x000000070e600000| PB 0x000000070e600000| Untracked 
|  36|0x000000070e800000, 0x000000070e800000, 0x000000070ea00000|  0%| F|  |TAMS 0x000000070e800000| PB 0x000000070e800000| Untracked 
|  37|0x000000070ea00000, 0x000000070ea00000, 0x000000070ec00000|  0%| F|  |TAMS 0x000000070ea00000| PB 0x000000070ea00000| Untracked 
|  38|0x000000070ec00000, 0x000000070ec00000, 0x000000070ee00000|  0%| F|  |TAMS 0x000000070ec00000| PB 0x000000070ec00000| Untracked 
|  39|0x000000070ee00000, 0x000000070ee00000, 0x000000070f000000|  0%| F|  |TAMS 0x000000070ee00000| PB 0x000000070ee00000| Untracked 
|  40|0x000000070f000000, 0x000000070f000000, 0x000000070f200000|  0%| F|  |TAMS 0x000000070f000000| PB 0x000000070f000000| Untracked 
|  41|0x000000070f200000, 0x000000070f200000, 0x000000070f400000|  0%| F|  |TAMS 0x000000070f200000| PB 0x000000070f200000| Untracked 
|  42|0x000000070f400000, 0x000000070f400000, 0x000000070f600000|  0%| F|  |TAMS 0x000000070f400000| PB 0x000000070f400000| Untracked 
|  43|0x000000070f600000, 0x000000070f600000, 0x000000070f800000|  0%| F|  |TAMS 0x000000070f600000| PB 0x000000070f600000| Untracked 
|  44|0x000000070f800000, 0x000000070f800000, 0x000000070fa00000|  0%| F|  |TAMS 0x000000070f800000| PB 0x000000070f800000| Untracked 
|  45|0x000000070fa00000, 0x000000070fa00000, 0x000000070fc00000|  0%| F|  |TAMS 0x000000070fa00000| PB 0x000000070fa00000| Untracked 
|  46|0x000000070fc00000, 0x000000070fc00000, 0x000000070fe00000|  0%| F|  |TAMS 0x000000070fc00000| PB 0x000000070fc00000| Untracked 
|  47|0x000000070fe00000, 0x000000070fe00000, 0x0000000710000000|  0%| F|  |TAMS 0x000000070fe00000| PB 0x000000070fe00000| Untracked 
|  48|0x0000000710000000, 0x0000000710000000, 0x0000000710200000|  0%| F|  |TAMS 0x0000000710000000| PB 0x0000000710000000| Untracked 
|  49|0x0000000710200000, 0x0000000710200000, 0x0000000710400000|  0%| F|  |TAMS 0x0000000710200000| PB 0x0000000710200000| Untracked 
|  50|0x0000000710400000, 0x0000000710400000, 0x0000000710600000|  0%| F|  |TAMS 0x0000000710400000| PB 0x0000000710400000| Untracked 
|  51|0x0000000710600000, 0x0000000710600000, 0x0000000710800000|  0%| F|  |TAMS 0x0000000710600000| PB 0x0000000710600000| Untracked 
|  52|0x0000000710800000, 0x0000000710800000, 0x0000000710a00000|  0%| F|  |TAMS 0x0000000710800000| PB 0x0000000710800000| Untracked 
|  53|0x0000000710a00000, 0x0000000710a00000, 0x0000000710c00000|  0%| F|  |TAMS 0x0000000710a00000| PB 0x0000000710a00000| Untracked 
|  54|0x0000000710c00000, 0x0000000710c00000, 0x0000000710e00000|  0%| F|  |TAMS 0x0000000710c00000| PB 0x0000000710c00000| Untracked 
|  55|0x0000000710e00000, 0x0000000710e00000, 0x0000000711000000|  0%| F|  |TAMS 0x0000000710e00000| PB 0x0000000710e00000| Untracked 
|  56|0x0000000711000000, 0x0000000711000000, 0x0000000711200000|  0%| F|  |TAMS 0x0000000711000000| PB 0x0000000711000000| Untracked 
|  57|0x0000000711200000, 0x0000000711200000, 0x0000000711400000|  0%| F|  |TAMS 0x0000000711200000| PB 0x0000000711200000| Untracked 
|  58|0x0000000711400000, 0x0000000711400000, 0x0000000711600000|  0%| F|  |TAMS 0x0000000711400000| PB 0x0000000711400000| Untracked 
|  59|0x0000000711600000, 0x0000000711600000, 0x0000000711800000|  0%| F|  |TAMS 0x0000000711600000| PB 0x0000000711600000| Untracked 
|  60|0x0000000711800000, 0x0000000711800000, 0x0000000711a00000|  0%| F|  |TAMS 0x0000000711800000| PB 0x0000000711800000| Untracked 
|  61|0x0000000711a00000, 0x0000000711a00000, 0x0000000711c00000|  0%| F|  |TAMS 0x0000000711a00000| PB 0x0000000711a00000| Untracked 
|  62|0x0000000711c00000, 0x0000000711c00000, 0x0000000711e00000|  0%| F|  |TAMS 0x0000000711c00000| PB 0x0000000711c00000| Untracked 
|  63|0x0000000711e00000, 0x0000000711e00000, 0x0000000712000000|  0%| F|  |TAMS 0x0000000711e00000| PB 0x0000000711e00000| Untracked 
|  64|0x0000000712000000, 0x0000000712000000, 0x0000000712200000|  0%| F|  |TAMS 0x0000000712000000| PB 0x0000000712000000| Untracked 
|  65|0x0000000712200000, 0x0000000712200000, 0x0000000712400000|  0%| F|  |TAMS 0x0000000712200000| PB 0x0000000712200000| Untracked 
|  66|0x0000000712400000, 0x0000000712400000, 0x0000000712600000|  0%| F|  |TAMS 0x0000000712400000| PB 0x0000000712400000| Untracked 
|  67|0x0000000712600000, 0x0000000712600000, 0x0000000712800000|  0%| F|  |TAMS 0x0000000712600000| PB 0x0000000712600000| Untracked 
|  68|0x0000000712800000, 0x0000000712800000, 0x0000000712a00000|  0%| F|  |TAMS 0x0000000712800000| PB 0x0000000712800000| Untracked 
|  69|0x0000000712a00000, 0x0000000712a00000, 0x0000000712c00000|  0%| F|  |TAMS 0x0000000712a00000| PB 0x0000000712a00000| Untracked 
|  70|0x0000000712c00000, 0x0000000712c00000, 0x0000000712e00000|  0%| F|  |TAMS 0x0000000712c00000| PB 0x0000000712c00000| Untracked 
|  71|0x0000000712e00000, 0x0000000712e00000, 0x0000000713000000|  0%| F|  |TAMS 0x0000000712e00000| PB 0x0000000712e00000| Untracked 
|  72|0x0000000713000000, 0x0000000713000000, 0x0000000713200000|  0%| F|  |TAMS 0x0000000713000000| PB 0x0000000713000000| Untracked 
|  73|0x0000000713200000, 0x0000000713200000, 0x0000000713400000|  0%| F|  |TAMS 0x0000000713200000| PB 0x0000000713200000| Untracked 
|  74|0x0000000713400000, 0x0000000713400000, 0x0000000713600000|  0%| F|  |TAMS 0x0000000713400000| PB 0x0000000713400000| Untracked 
|  75|0x0000000713600000, 0x0000000713600000, 0x0000000713800000|  0%| F|  |TAMS 0x0000000713600000| PB 0x0000000713600000| Untracked 
|  76|0x0000000713800000, 0x0000000713800000, 0x0000000713a00000|  0%| F|  |TAMS 0x0000000713800000| PB 0x0000000713800000| Untracked 
|  77|0x0000000713a00000, 0x0000000713a00000, 0x0000000713c00000|  0%| F|  |TAMS 0x0000000713a00000| PB 0x0000000713a00000| Untracked 
|  78|0x0000000713c00000, 0x0000000713c00000, 0x0000000713e00000|  0%| F|  |TAMS 0x0000000713c00000| PB 0x0000000713c00000| Untracked 
|  79|0x0000000713e00000, 0x0000000713e00000, 0x0000000714000000|  0%| F|  |TAMS 0x0000000713e00000| PB 0x0000000713e00000| Untracked 
|  80|0x0000000714000000, 0x0000000714000000, 0x0000000714200000|  0%| F|  |TAMS 0x0000000714000000| PB 0x0000000714000000| Untracked 
|  81|0x0000000714200000, 0x0000000714200000, 0x0000000714400000|  0%| F|  |TAMS 0x0000000714200000| PB 0x0000000714200000| Untracked 
|  82|0x0000000714400000, 0x0000000714400000, 0x0000000714600000|  0%| F|  |TAMS 0x0000000714400000| PB 0x0000000714400000| Untracked 
|  83|0x0000000714600000, 0x0000000714600000, 0x0000000714800000|  0%| F|  |TAMS 0x0000000714600000| PB 0x0000000714600000| Untracked 
|  84|0x0000000714800000, 0x0000000714800000, 0x0000000714a00000|  0%| F|  |TAMS 0x0000000714800000| PB 0x0000000714800000| Untracked 
|  85|0x0000000714a00000, 0x0000000714a00000, 0x0000000714c00000|  0%| F|  |TAMS 0x0000000714a00000| PB 0x0000000714a00000| Untracked 
|  86|0x0000000714c00000, 0x0000000714c00000, 0x0000000714e00000|  0%| F|  |TAMS 0x0000000714c00000| PB 0x0000000714c00000| Untracked 
|  87|0x0000000714e00000, 0x0000000714e00000, 0x0000000715000000|  0%| F|  |TAMS 0x0000000714e00000| PB 0x0000000714e00000| Untracked 
|  88|0x0000000715000000, 0x0000000715000000, 0x0000000715200000|  0%| F|  |TAMS 0x0000000715000000| PB 0x0000000715000000| Untracked 
|  89|0x0000000715200000, 0x0000000715200000, 0x0000000715400000|  0%| F|  |TAMS 0x0000000715200000| PB 0x0000000715200000| Untracked 
|  90|0x0000000715400000, 0x0000000715400000, 0x0000000715600000|  0%| F|  |TAMS 0x0000000715400000| PB 0x0000000715400000| Untracked 
|  91|0x0000000715600000, 0x0000000715600000, 0x0000000715800000|  0%| F|  |TAMS 0x0000000715600000| PB 0x0000000715600000| Untracked 
|  92|0x0000000715800000, 0x0000000715800000, 0x0000000715a00000|  0%| F|  |TAMS 0x0000000715800000| PB 0x0000000715800000| Untracked 
|  93|0x0000000715a00000, 0x0000000715a00000, 0x0000000715c00000|  0%| F|  |TAMS 0x0000000715a00000| PB 0x0000000715a00000| Untracked 
|  94|0x0000000715c00000, 0x0000000715c00000, 0x0000000715e00000|  0%| F|  |TAMS 0x0000000715c00000| PB 0x0000000715c00000| Untracked 
|  95|0x0000000715e00000, 0x0000000715e00000, 0x0000000716000000|  0%| F|  |TAMS 0x0000000715e00000| PB 0x0000000715e00000| Untracked 
|  96|0x0000000716000000, 0x0000000716000000, 0x0000000716200000|  0%| F|  |TAMS 0x0000000716000000| PB 0x0000000716000000| Untracked 
|  97|0x0000000716200000, 0x0000000716200000, 0x0000000716400000|  0%| F|  |TAMS 0x0000000716200000| PB 0x0000000716200000| Untracked 
|  98|0x0000000716400000, 0x0000000716400000, 0x0000000716600000|  0%| F|  |TAMS 0x0000000716400000| PB 0x0000000716400000| Untracked 
|  99|0x0000000716600000, 0x0000000716600000, 0x0000000716800000|  0%| F|  |TAMS 0x0000000716600000| PB 0x0000000716600000| Untracked 
| 100|0x0000000716800000, 0x0000000716800000, 0x0000000716a00000|  0%| F|  |TAMS 0x0000000716800000| PB 0x0000000716800000| Untracked 
| 101|0x0000000716a00000, 0x0000000716a00000, 0x0000000716c00000|  0%| F|  |TAMS 0x0000000716a00000| PB 0x0000000716a00000| Untracked 
| 102|0x0000000716c00000, 0x0000000716c00000, 0x0000000716e00000|  0%| F|  |TAMS 0x0000000716c00000| PB 0x0000000716c00000| Untracked 
| 103|0x0000000716e00000, 0x0000000716e00000, 0x0000000717000000|  0%| F|  |TAMS 0x0000000716e00000| PB 0x0000000716e00000| Untracked 
| 104|0x0000000717000000, 0x0000000717000000, 0x0000000717200000|  0%| F|  |TAMS 0x0000000717000000| PB 0x0000000717000000| Untracked 
| 105|0x0000000717200000, 0x0000000717200000, 0x0000000717400000|  0%| F|  |TAMS 0x0000000717200000| PB 0x0000000717200000| Untracked 
| 106|0x0000000717400000, 0x0000000717400000, 0x0000000717600000|  0%| F|  |TAMS 0x0000000717400000| PB 0x0000000717400000| Untracked 
| 107|0x0000000717600000, 0x0000000717600000, 0x0000000717800000|  0%| F|  |TAMS 0x0000000717600000| PB 0x0000000717600000| Untracked 
| 108|0x0000000717800000, 0x0000000717800000, 0x0000000717a00000|  0%| F|  |TAMS 0x0000000717800000| PB 0x0000000717800000| Untracked 
| 109|0x0000000717a00000, 0x0000000717a00000, 0x0000000717c00000|  0%| F|  |TAMS 0x0000000717a00000| PB 0x0000000717a00000| Untracked 
| 110|0x0000000717c00000, 0x0000000717e00000, 0x0000000717e00000|100%| S|CS|TAMS 0x0000000717c00000| PB 0x0000000717c00000| Complete 
| 111|0x0000000717e00000, 0x0000000718000000, 0x0000000718000000|100%| S|CS|TAMS 0x0000000717e00000| PB 0x0000000717e00000| Complete 
| 112|0x0000000718000000, 0x0000000718000000, 0x0000000718200000|  0%| F|  |TAMS 0x0000000718000000| PB 0x0000000718000000| Untracked 
| 113|0x0000000718200000, 0x0000000718200000, 0x0000000718400000|  0%| F|  |TAMS 0x0000000718200000| PB 0x0000000718200000| Untracked 
| 114|0x0000000718400000, 0x0000000718400000, 0x0000000718600000|  0%| F|  |TAMS 0x0000000718400000| PB 0x0000000718400000| Untracked 
| 115|0x0000000718600000, 0x0000000718600000, 0x0000000718800000|  0%| F|  |TAMS 0x0000000718600000| PB 0x0000000718600000| Untracked 
| 116|0x0000000718800000, 0x0000000718800000, 0x0000000718a00000|  0%| F|  |TAMS 0x0000000718800000| PB 0x0000000718800000| Untracked 
| 117|0x0000000718a00000, 0x0000000718a00000, 0x0000000718c00000|  0%| F|  |TAMS 0x0000000718a00000| PB 0x0000000718a00000| Untracked 
| 118|0x0000000718c00000, 0x0000000718c00000, 0x0000000718e00000|  0%| F|  |TAMS 0x0000000718c00000| PB 0x0000000718c00000| Untracked 
| 119|0x0000000718e00000, 0x0000000718e00000, 0x0000000719000000|  0%| F|  |TAMS 0x0000000718e00000| PB 0x0000000718e00000| Untracked 
| 120|0x0000000719000000, 0x00000007191817e0, 0x0000000719200000| 75%| E|  |TAMS 0x0000000719000000| PB 0x0000000719000000| Complete 
| 121|0x0000000719200000, 0x0000000719400000, 0x0000000719400000|100%| E|CS|TAMS 0x0000000719200000| PB 0x0000000719200000| Complete 
| 122|0x0000000719400000, 0x0000000719600000, 0x0000000719600000|100%| E|CS|TAMS 0x0000000719400000| PB 0x0000000719400000| Complete 

Card table byte_map: [0x0000023c59fc0000,0x0000023c5a770000] _byte_map_base: 0x0000023c56770000

Marking Bits: (CMBitMap*) 0x0000023c4e100a60
 Bits: [0x0000023c5a770000, 0x0000023c5e4f0000)

Polling page: 0x0000023c4bec0000

Metaspace:

Usage:
  Non-class:     11.14 MB used.
      Class:      1.56 MB used.
       Both:     12.69 MB used.

Virtual space:
  Non-class space:       64.00 MB reserved,      11.31 MB ( 18%) committed,  1 nodes.
      Class space:        1.00 GB reserved,       1.69 MB ( <1%) committed,  1 nodes.
             Both:        1.06 GB reserved,      13.00 MB (  1%) committed. 

Chunk freelists:
   Non-Class:  4.35 MB
       Class:  14.19 MB
        Both:  18.54 MB

MaxMetaspaceSize: unlimited
CompressedClassSpaceSize: 1.00 GB
Initial GC threshold: 21.00 MB
Current GC threshold: 21.00 MB
CDS: on
 - commit_granule_bytes: 65536.
 - commit_granule_words: 8192.
 - virtual_space_node_default_size: 8388608.
 - enlarge_chunks_in_place: 1.
 - use_allocation_guard: 0.


Internal statistics:

num_allocs_failed_limit: 0.
num_arena_births: 342.
num_arena_deaths: 0.
num_vsnodes_births: 2.
num_vsnodes_deaths: 0.
num_space_committed: 208.
num_space_uncommitted: 0.
num_chunks_returned_to_freelist: 0.
num_chunks_taken_from_freelist: 439.
num_chunk_merges: 0.
num_chunk_splits: 261.
num_chunks_enlarged: 111.
num_inconsistent_stats: 0.

CodeCache: size=49152Kb used=5388Kb max_used=5868Kb free=43763Kb
 bounds [0x0000023c564e0000, 0x0000023c56aa0000, 0x0000023c594e0000]
 total_blobs=2639 nmethods=1964 adapters=597
 compilation: enabled
              stopped_count=0, restarted_count=0
 full_count=0

Compilation events (20 events):
Event: 5.785 Thread 0x0000023c6136f890 1950   !   1       java.io.ObjectOutputStream::defaultWriteFields (288 bytes)
Event: 5.786 Thread 0x0000023c6135e2d0 1951       1       java.io.ObjectStreamClass::checkDefaultSerialize (20 bytes)
Event: 5.786 Thread 0x0000023c6114c5c0 nmethod 1949 0x0000023c56728310 code [0x0000023c567284c0, 0x0000023c56728650]
Event: 5.786 Thread 0x0000023c6135e2d0 nmethod 1951 0x0000023c56727e10 code [0x0000023c56727fe0, 0x0000023c567281e8]
Event: 5.786 Thread 0x0000023c6136f890 nmethod 1950 0x0000023c56727010 code [0x0000023c56727240, 0x0000023c56727950]
Event: 5.787 Thread 0x0000023c6135e2d0 1952       1       java.util.IdentityHashMap$IdentityHashMapIterator::nextIndex (72 bytes)
Event: 5.788 Thread 0x0000023c6135e2d0 nmethod 1952 0x0000023c56726b10 code [0x0000023c56726ce0, 0x0000023c56726ee8]
Event: 6.174 Thread 0x0000023c6114c5c0 1953       1       java.util.concurrent.locks.LockSupport::setCurrentBlocker (14 bytes)
Event: 6.174 Thread 0x0000023c6114c5c0 nmethod 1953 0x0000023c56726810 code [0x0000023c567269a0, 0x0000023c56726ab8]
Event: 6.181 Thread 0x0000023c6114c5c0 1954       1       java.awt.Component::dispatchEventImpl (785 bytes)
Event: 6.181 Thread 0x0000023c6135e2d0 1955       1       java.awt.EventQueue::setCurrentEventAndMostRecentTime (8 bytes)
Event: 6.182 Thread 0x0000023c6135e2d0 nmethod 1955 0x0000023c56726310 code [0x0000023c567264e0, 0x0000023c56726670]
Event: 6.184 Thread 0x0000023c6135e2d0 1956       1       sun.awt.SunToolkit::isTouchKeyboardAutoShowEnabled (4 bytes)
Event: 6.184 Thread 0x0000023c6135e2d0 nmethod 1956 0x0000023c56726010 code [0x0000023c567261a0, 0x0000023c56726258]
Event: 6.185 Thread 0x0000023c6114c5c0 nmethod 1954 0x0000023c56722b10 code [0x0000023c56723140, 0x0000023c56725058]
Event: 6.188 Thread 0x0000023c6114c5c0 1957   !   1       java.awt.DefaultKeyboardFocusManager::dispatchEvent (1625 bytes)
Event: 6.188 Thread 0x0000023c6135e2d0 1958       1       java.awt.Toolkit::notifyAWTEventListeners (36 bytes)
Event: 6.188 Thread 0x0000023c6136f890 1959       1       java.awt.Component::areInputMethodsEnabled (39 bytes)
Event: 6.188 Thread 0x0000023c6136f890 nmethod 1959 0x0000023c56722790 code [0x0000023c56722920, 0x0000023c56722a60]
Event: 6.188 Thread 0x0000023c6135e2d0 nmethod 1958 0x0000023c56722290 code [0x0000023c56722460, 0x0000023c56722670]

GC Heap History (2 events):
Event: 1.515 GC heap before
{Heap before GC invocations=0 (full 0):
 garbage-first heap   total 251904K, used 20480K [0x000000070a000000, 0x0000000800000000)
  region size 2048K, 11 young (22528K), 0 survivors (0K)
 Metaspace       used 10864K, committed 11136K, reserved 1114112K
  class space    used 1266K, committed 1408K, reserved 1048576K
}
Event: 1.522 GC heap after
{Heap after GC invocations=1 (full 0):
 garbage-first heap   total 251904K, used 8093K [0x000000070a000000, 0x0000000800000000)
  region size 2048K, 2 young (4096K), 2 survivors (4096K)
 Metaspace       used 10864K, committed 11136K, reserved 1114112K
  class space    used 1266K, committed 1408K, reserved 1048576K
}

Dll operation events (14 events):
Event: 0.014 Loaded shared library C:\Users\Zenpo\.jdks\openjdk-21.0.1\bin\java.dll
Event: 0.239 Loaded shared library C:\Users\Zenpo\.jdks\openjdk-21.0.1\bin\zip.dll
Event: 0.245 Loaded shared library C:\Users\Zenpo\.jdks\openjdk-21.0.1\bin\instrument.dll
Event: 0.254 Loaded shared library C:\Users\Zenpo\.jdks\openjdk-21.0.1\bin\net.dll
Event: 0.258 Loaded shared library C:\Users\Zenpo\.jdks\openjdk-21.0.1\bin\nio.dll
Event: 0.263 Loaded shared library C:\Users\Zenpo\.jdks\openjdk-21.0.1\bin\zip.dll
Event: 0.404 Loaded shared library C:\Program Files\JetBrains\IntelliJ IDEA 2024.1.1\bin\breakgen64.dll
Event: 0.413 Loaded shared library C:\Users\Zenpo\.jdks\openjdk-21.0.1\bin\jimage.dll
Event: 0.430 Loaded shared library C:\Users\Zenpo\.jdks\openjdk-21.0.1\bin\extnet.dll
Event: 0.441 Loaded shared library C:\Users\Zenpo\.jdks\openjdk-21.0.1\bin\management.dll
Event: 0.459 Loaded shared library C:\Users\Zenpo\.jdks\openjdk-21.0.1\bin\management_ext.dll
Event: 1.097 Loaded shared library C:\Users\Zenpo\.jdks\openjdk-21.0.1\bin\awt.dll
Event: 1.473 Loaded shared library C:\Users\Zenpo\.jdks\openjdk-21.0.1\bin\freetype.dll
Event: 1.475 Loaded shared library C:\Users\Zenpo\.jdks\openjdk-21.0.1\bin\fontmanager.dll

Deoptimization events (4 events):
Event: 0.716 Thread 0x0000023c4bf1c2a0 DEOPT PACKING pc=0x0000023c568bf8dd sp=0x00000068cc4fd410
Event: 0.716 Thread 0x0000023c4bf1c2a0 DEOPT UNPACKING pc=0x0000023c56534e42 sp=0x00000068cc4fc8c0 mode 3
Event: 0.736 Thread 0x0000023c4bf1c2a0 DEOPT PACKING pc=0x0000023c568dace0 sp=0x00000068cc4fd310
Event: 0.736 Thread 0x0000023c4bf1c2a0 DEOPT UNPACKING pc=0x0000023c56534e42 sp=0x00000068cc4fc7c8 mode 3

Classes loaded (20 events):
Event: 2.116 Loading class java/lang/invoke/WrongMethodTypeException
Event: 2.116 Loading class java/lang/invoke/WrongMethodTypeException done
Event: 2.117 Loading class java/lang/Throwable$PrintStreamOrWriter
Event: 2.117 Loading class java/lang/Throwable$PrintStreamOrWriter done
Event: 2.117 Loading class java/io/PrintWriter
Event: 2.117 Loading class java/io/PrintWriter done
Event: 2.122 Loading class java/lang/StackTraceElement$HashedModules
Event: 2.122 Loading class java/lang/StackTraceElement$HashedModules done
Event: 2.125 Loading class java/util/function/UnaryOperator
Event: 2.125 Loading class java/util/function/UnaryOperator done
Event: 2.126 Loading class java/rmi/AccessException
Event: 2.126 Loading class java/rmi/AccessException done
Event: 2.129 Loading class java/rmi/server/UnicastRemoteObject
Event: 2.129 Loading class java/rmi/server/UnicastRemoteObject done
Event: 2.129 Loading class java/util/Vector$1
Event: 2.129 Loading class java/util/Vector$1 done
Event: 2.227 Loading class javax/swing/Timer$1
Event: 2.227 Loading class javax/swing/Timer$1 done
Event: 2.780 Loading class java/awt/LightweightDispatcher$2
Event: 2.780 Loading class java/awt/LightweightDispatcher$2 done

Classes unloaded (0 events):
No events

Classes redefined (0 events):
No events

Internal exceptions (20 events):
Event: 1.088 Thread 0x0000023c4bf1c2a0 Exception <a 'java/lang/ClassNotFoundException'{0x00000007185c7990}: sun/awt/resources/spi/awtProvider> (0x00000007185c7990) 
thrown [s\open\src\hotspot\share\classfile\systemDictionary.cpp, line 312]
Event: 1.098 Thread 0x0000023c61149760 Exception <a 'java/lang/NoSuchMethodError'{0x0000000718212b28}: 'java.lang.Object java.lang.invoke.Invokers$Holder.invokeExact_MT(java.lang.Object, java.lang.Object, java.lang.Object, java.lang.Object, java.lang.Object, java.lang.Object)'> (0x0000000718212b28) 
thrown [s\open\src\hotspot\share\interpreter\linkResolver.cpp, line 773]
Event: 1.098 Thread 0x0000023c4bf1c2a0 Exception <a 'java/io/FileNotFoundException'{0x00000007185d08b8}> (0x00000007185d08b8) 
thrown [s\open\src\hotspot\share\prims\jni.cpp, line 520]
Event: 1.108 Thread 0x0000023c4bf1c2a0 Exception <a 'java/io/FileNotFoundException'{0x00000007185fd5d0}> (0x00000007185fd5d0) 
thrown [s\open\src\hotspot\share\prims\jni.cpp, line 520]
Event: 1.335 Thread 0x0000023c61a592f0 Exception <a 'java/lang/NoSuchMethodError'{0x00000007180197f0}: 'java.lang.Object java.lang.invoke.DirectMethodHandle$Holder.newInvokeSpecial(java.lang.Object, java.lang.Object, java.lang.Object, java.lang.Object, java.lang.Object)'> (0x00000007180197f0) 
thrown [s\open\src\hotspot\share\interpreter\linkResolver.cpp, line 773]
Event: 1.341 Thread 0x0000023c61a592f0 Exception <a 'java/lang/NoSuchMethodError'{0x0000000718048fd0}: 'java.lang.Object java.lang.invoke.DirectMethodHandle$Holder.invokeStatic(java.lang.Object, int, java.lang.Object)'> (0x0000000718048fd0) 
thrown [s\open\src\hotspot\share\interpreter\linkResolver.cpp, line 773]
Event: 1.370 Thread 0x0000023c61a592f0 Exception <a 'java/lang/ClassNotFoundException'{0x00000007180e7820}: com/sun/swing/internal/plaf/metal/resources/spi/metalProvider> (0x00000007180e7820) 
thrown [s\open\src\hotspot\share\classfile\systemDictionary.cpp, line 312]
Event: 1.372 Thread 0x0000023c61a592f0 Exception <a 'java/lang/ClassNotFoundException'{0x00000007180eb7a0}: com/sun/swing/internal/plaf/basic/resources/spi/basicProvider> (0x00000007180eb7a0) 
thrown [s\open\src\hotspot\share\classfile\systemDictionary.cpp, line 312]
Event: 1.388 Thread 0x0000023c61a592f0 Exception <a 'java/lang/NoSuchMethodError'{0x0000000718107868}: 'int java.lang.invoke.Invokers$Holder.invokeExact_MT(java.lang.Object, java.lang.Object)'> (0x0000000718107868) 
thrown [s\open\src\hotspot\share\interpreter\linkResolver.cpp, line 773]
Event: 1.403 Thread 0x0000023c61d8a3f0 Exception <a 'java/lang/NoSuchMethodError'{0x0000000718160318}: 'java.lang.Object java.lang.invoke.DirectMethodHandle$Holder.newInvokeSpecial(java.lang.Object, java.lang.Object, java.lang.Object, int, int, int, int, int)'> (0x0000000718160318) 
thrown [s\open\src\hotspot\share\interpreter\linkResolver.cpp, line 773]
Event: 1.548 Thread 0x0000023c61a4e380 Exception <a 'java/lang/NoSuchMethodError'{0x00000007194c4440}: 'void java.lang.invoke.DirectMethodHandle$Holder.invokeVirtual(java.lang.Object, java.lang.Object)'> (0x00000007194c4440) 
thrown [s\open\src\hotspot\share\interpreter\linkResolver.cpp, line 773]
Event: 1.573 Thread 0x0000023c61a592f0 Exception <a 'java/lang/NoSuchMethodError'{0x00000007194fb940}: 'void java.lang.invoke.DirectMethodHandle$Holder.invokeStaticInit(java.lang.Object)'> (0x00000007194fb940) 
thrown [s\open\src\hotspot\share\interpreter\linkResolver.cpp, line 773]
Event: 2.086 Thread 0x0000023c6bc5c800 Exception <a 'java/lang/NoSuchMethodError'{0x00000007192c7ff0}: static [B.<clinit>()V> (0x00000007192c7ff0) 
thrown [s\open\src\hotspot\share\prims\jni.cpp, line 1106]
Event: 2.088 Thread 0x0000023c6bc5c800 Exception <a 'java/lang/NoSuchMethodError'{0x00000007192c9af8}: 'java.lang.Object java.lang.invoke.DirectMethodHandle$Holder.invokeInterface(java.lang.Object, java.lang.Object, java.lang.Object)'> (0x00000007192c9af8) 
thrown [s\open\src\hotspot\share\interpreter\linkResolver.cpp, line 773]
Event: 2.100 Thread 0x0000023c6bc5c800 Exception <a 'java/lang/ClassNotFoundException'{0x00000007192fcae0}: javax/management/remote/rmi/RMIConnectionImpl_Skel> (0x00000007192fcae0) 
thrown [s\open\src\hotspot\share\classfile\systemDictionary.cpp, line 312]
Event: 2.102 Thread 0x0000023c6bc5dbb0 Exception <a 'java/lang/NoSuchMethodError'{0x0000000719338690}: 'java.lang.Object java.lang.invoke.Invokers$Holder.linkToTargetMethod(java.lang.Object, long, java.lang.Object)'> (0x0000000719338690) 
thrown [s\open\src\hotspot\share\interpreter\linkResolver.cpp, line 773]
Event: 2.107 Thread 0x0000023c6bc5c800 Exception <a 'java/lang/NoSuchMethodError'{0x0000000719356c30}: 'java.lang.Object java.lang.invoke.DirectMethodHandle$Holder.invokeInterface(java.lang.Object, java.lang.Object)'> (0x0000000719356c30) 
thrown [s\open\src\hotspot\share\interpreter\linkResolver.cpp, line 773]
Event: 2.113 Thread 0x0000023c6bc5c800 Exception <a 'java/lang/NoSuchMethodError'{0x0000000719378b68}: 'java.lang.Object java.lang.invoke.DirectMethodHandle$Holder.invokeInterface(java.lang.Object, java.lang.Object, java.lang.Object, java.lang.Object, java.lang.Object)'> (0x0000000719378b68) 
thrown [s\open\src\hotspot\share\interpreter\linkResolver.cpp, line 773]
Event: 2.122 Thread 0x0000023c6bc5c800 Exception <a 'java/lang/NoSuchMethodError'{0x00000007193b7c68}: static [Ljava/lang/StackTraceElement;.<clinit>()V> (0x00000007193b7c68) 
thrown [s\open\src\hotspot\share\prims\jni.cpp, line 1106]
Event: 2.127 Thread 0x0000023c6bc5c800 Exception <a 'java/lang/NoSuchMethodError'{0x00000007193cb518}: 'void java.lang.invoke.DirectMethodHandle$Holder.invokeInterface(java.lang.Object, java.lang.Object)'> (0x00000007193cb518) 
thrown [s\open\src\hotspot\share\interpreter\linkResolver.cpp, line 773]

ZGC Phase Switch (0 events):
No events

VM Operations (20 events):
Event: 1.084 Executing VM operation: Cleanup
Event: 1.084 Executing VM operation: Cleanup done
Event: 1.460 Executing VM operation: HandshakeAllThreads (Deoptimize)
Event: 1.460 Executing VM operation: HandshakeAllThreads (Deoptimize) done
Event: 1.499 Executing VM operation: HandshakeAllThreads (Deoptimize)
Event: 1.499 Executing VM operation: HandshakeAllThreads (Deoptimize) done
Event: 1.514 Executing VM operation: G1CollectForAllocation (G1 Evacuation Pause)
Event: 1.522 Executing VM operation: G1CollectForAllocation (G1 Evacuation Pause) done
Event: 1.694 Executing VM operation: HandshakeAllThreads (Deoptimize)
Event: 1.694 Executing VM operation: HandshakeAllThreads (Deoptimize) done
Event: 2.099 Executing VM operation: HandshakeAllThreads (Deoptimize)
Event: 2.099 Executing VM operation: HandshakeAllThreads (Deoptimize) done
Event: 3.102 Executing VM operation: Cleanup
Event: 3.102 Executing VM operation: Cleanup done
Event: 4.116 Executing VM operation: Cleanup
Event: 4.116 Executing VM operation: Cleanup done
Event: 5.129 Executing VM operation: Cleanup
Event: 5.129 Executing VM operation: Cleanup done
Event: 6.142 Executing VM operation: Cleanup
Event: 6.142 Executing VM operation: Cleanup done

Events (20 events):
Event: 2.057 Thread 0x0000023c6bc5c800 Thread added: 0x0000023c6bc5c800
Event: 2.085 Thread 0x0000023c6bc5e240 Thread added: 0x0000023c6bc5e240
Event: 2.096 Thread 0x0000023c6bc5dbb0 Thread added: 0x0000023c6bc5dbb0
Event: 2.129 Thread 0x0000023c6bc5dbb0 Thread exited: 0x0000023c6bc5dbb0
Event: 2.714 Thread 0x0000023c6bc5ce90 Thread added: 0x0000023c6bc5ce90
Event: 2.720 Thread 0x0000023c6bc5bae0 Thread added: 0x0000023c6bc5bae0
Event: 2.729 Thread 0x0000023c6bc5bae0 Thread exited: 0x0000023c6bc5bae0
Event: 3.232 Thread 0x0000023c6bc5d520 Thread added: 0x0000023c6bc5d520
Event: 3.239 Thread 0x0000023c6bc5d520 Thread exited: 0x0000023c6bc5d520
Event: 3.740 Thread 0x0000023c6bc5d520 Thread added: 0x0000023c6bc5d520
Event: 3.745 Thread 0x0000023c6bc5d520 Thread exited: 0x0000023c6bc5d520
Event: 4.247 Thread 0x0000023c6bc5adc0 Thread added: 0x0000023c6bc5adc0
Event: 4.252 Thread 0x0000023c6bc5adc0 Thread exited: 0x0000023c6bc5adc0
Event: 4.755 Thread 0x0000023c6bc5d520 Thread added: 0x0000023c6bc5d520
Event: 4.761 Thread 0x0000023c6bc5d520 Thread exited: 0x0000023c6bc5d520
Event: 5.262 Thread 0x0000023c6bc5adc0 Thread added: 0x0000023c6bc5adc0
Event: 5.263 Thread 0x0000023c61392020 Thread exited: 0x0000023c61392020
Event: 5.268 Thread 0x0000023c6bc5adc0 Thread exited: 0x0000023c6bc5adc0
Event: 5.773 Thread 0x0000023c6bc5dbb0 Thread added: 0x0000023c6bc5dbb0
Event: 5.791 Thread 0x0000023c6bc5dbb0 Thread exited: 0x0000023c6bc5dbb0


Dynamic libraries:
0x00007ff78eff0000 - 0x00007ff78effe000 	C:\Users\Zenpo\.jdks\openjdk-21.0.1\bin\java.exe
0x00007ffaa25b0000 - 0x00007ffaa27a8000 	C:\WINDOWS\SYSTEM32\ntdll.dll
0x00007ffaa0a60000 - 0x00007ffaa0b22000 	C:\WINDOWS\System32\KERNEL32.DLL
0x00007ffaa0070000 - 0x00007ffaa036e000 	C:\WINDOWS\System32\KERNELBASE.dll
0x00007ffa9fe70000 - 0x00007ffa9ff70000 	C:\WINDOWS\System32\ucrtbase.dll
0x00007ffa77f10000 - 0x00007ffa77f2b000 	C:\Users\Zenpo\.jdks\openjdk-21.0.1\bin\VCRUNTIME140.dll
0x00007ffa9bc80000 - 0x00007ffa9bc98000 	C:\Users\Zenpo\.jdks\openjdk-21.0.1\bin\jli.dll
0x00007ffaa08c0000 - 0x00007ffaa0a5d000 	C:\WINDOWS\System32\USER32.dll
0x00007ffa9fc50000 - 0x00007ffa9fc72000 	C:\WINDOWS\System32\win32u.dll
0x00007ffa8fcd0000 - 0x00007ffa8ff6a000 	C:\WINDOWS\WinSxS\amd64_microsoft.windows.common-controls_6595b64144ccf1df_6.0.19041.4355_none_60b8b9eb71f62e16\COMCTL32.dll
0x00007ffaa2430000 - 0x00007ffaa245b000 	C:\WINDOWS\System32\GDI32.dll
0x00007ffaa0c30000 - 0x00007ffaa0cce000 	C:\WINDOWS\System32\msvcrt.dll
0x00007ffa9fd50000 - 0x00007ffa9fe67000 	C:\WINDOWS\System32\gdi32full.dll
0x00007ffa9fcb0000 - 0x00007ffa9fd4d000 	C:\WINDOWS\System32\msvcp_win.dll
0x00007ffaa0b30000 - 0x00007ffaa0b5f000 	C:\WINDOWS\System32\IMM32.DLL
0x00007ffa83c50000 - 0x00007ffa83c5c000 	C:\Users\Zenpo\.jdks\openjdk-21.0.1\bin\vcruntime140_1.dll
0x00007ffa77e80000 - 0x00007ffa77f0e000 	C:\Users\Zenpo\.jdks\openjdk-21.0.1\bin\msvcp140.dll
0x00007ffa0dc80000 - 0x00007ffa0e995000 	C:\Users\Zenpo\.jdks\openjdk-21.0.1\bin\server\jvm.dll
0x00007ffaa22c0000 - 0x00007ffaa2371000 	C:\WINDOWS\System32\ADVAPI32.dll
0x00007ffaa1920000 - 0x00007ffaa19bf000 	C:\WINDOWS\System32\sechost.dll
0x00007ffaa19c0000 - 0x00007ffaa1ae3000 	C:\WINDOWS\System32\RPCRT4.dll
0x00007ffa9fc80000 - 0x00007ffa9fca7000 	C:\WINDOWS\System32\bcrypt.dll
0x00007ffaa17d0000 - 0x00007ffaa183b000 	C:\WINDOWS\System32\WS2_32.dll
0x00007ffa9f190000 - 0x00007ffa9f1db000 	C:\WINDOWS\SYSTEM32\POWRPROF.dll
0x00007ffa99280000 - 0x00007ffa9928a000 	C:\WINDOWS\SYSTEM32\VERSION.dll
0x00007ffa95cf0000 - 0x00007ffa95d17000 	C:\WINDOWS\SYSTEM32\WINMM.dll
0x00007ffa9f050000 - 0x00007ffa9f062000 	C:\WINDOWS\SYSTEM32\UMPDC.dll
0x00007ffa9dad0000 - 0x00007ffa9dae2000 	C:\WINDOWS\SYSTEM32\kernel.appcore.dll
0x00007ffa83b30000 - 0x00007ffa83b3a000 	C:\Users\Zenpo\.jdks\openjdk-21.0.1\bin\jimage.dll
0x00007ffa95930000 - 0x00007ffa95b14000 	C:\WINDOWS\SYSTEM32\DBGHELP.DLL
0x00007ffa8d030000 - 0x00007ffa8d064000 	C:\WINDOWS\SYSTEM32\dbgcore.DLL
0x00007ffaa0540000 - 0x00007ffaa05c2000 	C:\WINDOWS\System32\bcryptPrimitives.dll
0x00007ffa9c0f0000 - 0x00007ffa9c0ff000 	C:\Users\Zenpo\.jdks\openjdk-21.0.1\bin\instrument.dll
0x00007ffa77e60000 - 0x00007ffa77e7f000 	C:\Users\Zenpo\.jdks\openjdk-21.0.1\bin\java.dll
0x00007ffaa0e00000 - 0x00007ffaa156d000 	C:\WINDOWS\System32\SHELL32.dll
0x00007ffa9dcd0000 - 0x00007ffa9e474000 	C:\WINDOWS\SYSTEM32\windows.storage.dll
0x00007ffaa1f60000 - 0x00007ffaa22b3000 	C:\WINDOWS\System32\combase.dll
0x00007ffa9f680000 - 0x00007ffa9f6ae000 	C:\WINDOWS\SYSTEM32\Wldp.dll
0x00007ffaa0b60000 - 0x00007ffaa0c2d000 	C:\WINDOWS\System32\OLEAUT32.dll
0x00007ffaa16a0000 - 0x00007ffaa174d000 	C:\WINDOWS\System32\SHCORE.dll
0x00007ffaa1770000 - 0x00007ffaa17c5000 	C:\WINDOWS\System32\shlwapi.dll
0x00007ffa9fb80000 - 0x00007ffa9fba4000 	C:\WINDOWS\SYSTEM32\profapi.dll
0x00007ffa77d40000 - 0x00007ffa77d58000 	C:\Users\Zenpo\.jdks\openjdk-21.0.1\bin\zip.dll
0x00007ffa83940000 - 0x00007ffa83950000 	C:\Users\Zenpo\.jdks\openjdk-21.0.1\bin\net.dll
0x00007ffa99c20000 - 0x00007ffa99d2d000 	C:\WINDOWS\SYSTEM32\WINHTTP.dll
0x00007ffa9f3e0000 - 0x00007ffa9f44a000 	C:\WINDOWS\system32\mswsock.dll
0x00007ffa77d60000 - 0x00007ffa77d76000 	C:\Users\Zenpo\.jdks\openjdk-21.0.1\bin\nio.dll
0x00007ffa9bfc0000 - 0x00007ffa9bfda000 	C:\Program Files\JetBrains\IntelliJ IDEA 2024.1.1\bin\breakgen64.dll
0x00007ffa9f0c0000 - 0x00007ffa9f18a000 	C:\WINDOWS\SYSTEM32\DNSAPI.dll
0x00007ffa9f070000 - 0x00007ffa9f0ab000 	C:\WINDOWS\SYSTEM32\IPHLPAPI.DLL
0x00007ffaa1760000 - 0x00007ffaa1768000 	C:\WINDOWS\System32\NSI.dll
0x00007ffa9b0b0000 - 0x00007ffa9b0ba000 	C:\Windows\System32\rasadhlp.dll
0x00007ffa96790000 - 0x00007ffa96810000 	C:\WINDOWS\System32\fwpuclnt.dll
0x00007ffa97de0000 - 0x00007ffa97de7000 	C:\Users\Zenpo\.jdks\openjdk-21.0.1\bin\extnet.dll
0x00007ffa9c0e0000 - 0x00007ffa9c0ea000 	C:\Users\Zenpo\.jdks\openjdk-21.0.1\bin\management.dll
0x00007ffa9bfa0000 - 0x00007ffa9bfab000 	C:\Users\Zenpo\.jdks\openjdk-21.0.1\bin\management_ext.dll
0x00007ffaa0df0000 - 0x00007ffaa0df8000 	C:\WINDOWS\System32\PSAPI.DLL
0x00007ffa9f5d0000 - 0x00007ffa9f5e8000 	C:\WINDOWS\SYSTEM32\CRYPTSP.dll
0x00007ffa9ec90000 - 0x00007ffa9ecc4000 	C:\WINDOWS\system32\rsaenh.dll
0x00007ffa9fb00000 - 0x00007ffa9fb2e000 	C:\WINDOWS\SYSTEM32\USERENV.dll
0x00007ffa9f5f0000 - 0x00007ffa9f5fc000 	C:\WINDOWS\SYSTEM32\CRYPTBASE.dll
0x00007ffa76ab0000 - 0x00007ffa76ac7000 	C:\WINDOWS\system32\napinsp.dll
0x00007ffa765a0000 - 0x00007ffa765bb000 	C:\WINDOWS\system32\pnrpnsp.dll
0x00007ffa9c520000 - 0x00007ffa9c535000 	C:\WINDOWS\system32\wshbth.dll
0x00007ffa9b670000 - 0x00007ffa9b68d000 	C:\WINDOWS\system32\NLAapi.dll
0x00007ffa76030000 - 0x00007ffa76042000 	C:\WINDOWS\System32\winrnr.dll
0x00007ffa725b0000 - 0x00007ffa7273e000 	C:\Users\Zenpo\.jdks\openjdk-21.0.1\bin\awt.dll
0x00007ffa9a730000 - 0x00007ffa9a7c4000 	C:\WINDOWS\SYSTEM32\apphelp.dll
0x00007ffa9d540000 - 0x00007ffa9d5de000 	C:\WINDOWS\system32\uxtheme.dll
0x00007ffaa0cd0000 - 0x00007ffaa0de5000 	C:\WINDOWS\System32\MSCTF.dll
0x00007ffaa1570000 - 0x00007ffaa169b000 	C:\WINDOWS\System32\ole32.dll
0x00007ffa9d7d0000 - 0x00007ffa9d7ff000 	C:\WINDOWS\system32\DWMAPI.DLL
0x00007ffa37220000 - 0x00007ffa37348000 	C:\WINDOWS\system32\opengl32.dll
0x00007ffa3f120000 - 0x00007ffa3f14c000 	C:\WINDOWS\SYSTEM32\GLU32.dll
0x00007ffa894f0000 - 0x00007ffa896c1000 	C:\WINDOWS\system32\d3d9.dll
0x00007ffa945b0000 - 0x00007ffa9478b000 	C:\WINDOWS\System32\DriverStore\FileRepository\u0357176.inf_amd64_828ff99cacd4aa89\B356563\aticfx64.dll
0x00007ffa99d80000 - 0x00007ffa99db3000 	C:\WINDOWS\System32\DriverStore\FileRepository\u0357176.inf_amd64_828ff99cacd4aa89\B356563\atiu9p64.dll
0x00007ffa641f0000 - 0x00007ffa64e86000 	C:\WINDOWS\System32\DriverStore\FileRepository\u0357176.inf_amd64_828ff99cacd4aa89\B356563\atiumd64.dll
0x0000000053270000 - 0x00000000540ed000 	C:\WINDOWS\System32\DriverStore\FileRepository\u0357176.inf_amd64_828ff99cacd4aa89\B356563\atiumd6a.dll
0x00007ffa95c20000 - 0x00007ffa95c4f000 	C:\WINDOWS\SYSTEM32\amdihk64.dll
0x00007ffa95c50000 - 0x00007ffa95c8b000 	C:\WINDOWS\SYSTEM32\dxcore.dll
0x00007ffa9ff70000 - 0x00007ffa9ffbe000 	C:\WINDOWS\System32\cfgmgr32.dll
0x00007ffa87320000 - 0x00007ffa873a7000 	C:\Users\Zenpo\.jdks\openjdk-21.0.1\bin\freetype.dll
0x00007ffa6fc50000 - 0x00007ffa6fd23000 	C:\Users\Zenpo\.jdks\openjdk-21.0.1\bin\fontmanager.dll
0x00007ffaa2380000 - 0x00007ffaa2429000 	C:\WINDOWS\System32\clbcatq.dll
0x00007ffa9d2f0000 - 0x00007ffa9d4a4000 	C:\WINDOWS\SYSTEM32\WindowsCodecs.dll
0x00007ffa88720000 - 0x00007ffa8875e000 	C:\WINDOWS\system32\dataexchange.dll
0x00007ffa99090000 - 0x00007ffa99274000 	C:\WINDOWS\system32\dcomp.dll
0x00007ffa98d10000 - 0x00007ffa98f73000 	C:\WINDOWS\system32\d3d11.dll
0x00007ffa9e4e0000 - 0x00007ffa9e5d6000 	C:\WINDOWS\system32\dxgi.dll
0x00007ffa976f0000 - 0x00007ffa978f3000 	C:\WINDOWS\system32\twinapi.appcore.dll
0x00007ffa8ac10000 - 0x00007ffa8ad09000 	C:\WINDOWS\SYSTEM32\textinputframework.dll
0x00007ffa9aef0000 - 0x00007ffa9afe2000 	C:\WINDOWS\System32\CoreMessaging.dll
0x00007ffa99790000 - 0x00007ffa99aeb000 	C:\WINDOWS\System32\CoreUIComponents.dll
0x00007ffa9eee0000 - 0x00007ffa9ef13000 	C:\WINDOWS\SYSTEM32\ntmarta.dll
0x00007ffa9c720000 - 0x00007ffa9c877000 	C:\WINDOWS\SYSTEM32\wintypes.dll

dbghelp: loaded successfully - version: 4.0.5 - missing functions: none
symbol engine: initialized successfully - sym options: 0x614 - pdb path: .;C:\Users\Zenpo\.jdks\openjdk-21.0.1\bin;C:\WINDOWS\SYSTEM32;C:\WINDOWS\WinSxS\amd64_microsoft.windows.common-controls_6595b64144ccf1df_6.0.19041.4355_none_60b8b9eb71f62e16;C:\Users\Zenpo\.jdks\openjdk-21.0.1\bin\server;C:\Program Files\JetBrains\IntelliJ IDEA 2024.1.1\bin;C:\WINDOWS\System32\DriverStore\FileRepository\u0357176.inf_amd64_828ff99cacd4aa89\B356563

VM Arguments:
jvm_args: -XX:TieredStopAtLevel=1 -Dspring.output.ansi.enabled=always -Dcom.sun.management.jmxremote -Dspring.jmx.enabled=true -Dspring.liveBeansView.mbeanDomain -Dspring.application.admin.enabled=true -Dmanagement.endpoints.jmx.exposure.include=* -javaagent:C:\Program Files\JetBrains\IntelliJ IDEA 2024.1.1\lib\idea_rt.jar=54960:C:\Program Files\JetBrains\IntelliJ IDEA 2024.1.1\bin -Dfile.encoding=UTF-8 -Dsun.stdout.encoding=UTF-8 -Dsun.stderr.encoding=UTF-8 
java_command: com.example.AppIronLotus.AppIronLotusApplication
java_class_path (initial): C:\Users\Zenpo\OneDrive\ \\AppIronLotus\target\classes;C:\Users\Zenpo\.m2\repository\org\springframework\boot\spring-boot-starter-data-jpa\3.4.1\spring-boot-starter-data-jpa-3.4.1.jar;C:\Users\Zenpo\.m2\repository\org\springframework\boot\spring-boot-starter\3.4.1\spring-boot-starter-3.4.1.jar;C:\Users\Zenpo\.m2\repository\org\springframework\boot\spring-boot\3.4.1\spring-boot-3.4.1.jar;C:\Users\Zenpo\.m2\repository\org\springframework\boot\spring-boot-autoconfigure\3.4.1\spring-boot-autoconfigure-3.4.1.jar;C:\Users\Zenpo\.m2\repository\org\springframework\boot\spring-boot-starter-logging\3.4.1\spring-boot-starter-logging-3.4.1.jar;C:\Users\Zenpo\.m2\repository\ch\qos\logback\logback-classic\1.5.12\logback-classic-1.5.12.jar;C:\Users\Zenpo\.m2\repository\ch\qos\logback\logback-core\1.5.12\logback-core-1.5.12.jar;C:\Users\Zenpo\.m2\repository\org\apache\logging\log4j\log4j-to-slf4j\2.24.3\log4j-to-slf4j-2.24.3.jar;C:\Users\Zenpo\.m2\repository\org\apache\logging\log4j\log4j-api\2.24.3\log4j-api-2.24.3.jar;C:\Users\Zenpo\.m2\repository\org\slf4j\jul-to-slf4j\2.0.16\jul-to-slf4j-2.0.16.jar;C:\Users\Zenpo\.m2\repository\jakarta\annotation\jakarta.annotation-api\2.1.1\jakarta.annotation-api-2.1.1.jar;C:\Users\Zenpo\.m2\repository\org\yaml\snakeyaml\2.3\snakeyaml-2.3.jar;C:\Users\Zenpo\.m2\repository\org\springframework\boot\spring-boot-starter-jdbc\3.4.1\spring-boot-starter-jdbc-3.4.1.jar;C:\Users\Zenpo\.m2\repository\com\zaxxer\HikariCP\5.1.0\HikariCP-5.1.0.jar;C:\Users\Zenpo\.m2\repository\org\springframework\spring-jdbc\6.2.1\spring-jdbc-6.2.1.jar;C:\Users\Zenpo\.m2\repository\org\hibernate\orm\hibernate-core\6.6.4.Final\hibernate-core-6.6.4.Final.jar;C:\Users\Zenpo\.m2\repository\jakarta\persistence\jakarta.persistence-api\3.1.0\jakarta.persistence-api-3.1.0.jar;C:\Users\Zenpo\.m2\repository\jakarta\transaction\jakarta.transaction-api\2.0.1\jakarta.transaction-api-2.0.1.jar;C:\Users\Zenpo\.m2\repository\org\jboss\logging\jboss-logging\3.6.1.Final\jboss-logging-3.6.1.Final.jar;C:\Users\Zenpo\.m2\repository\org\hibernate\common\hibernate-commons-annotations\7.0.3.Final\hibernate-commons-annotations-7.0.3.Final.jar;C:\Users\Zenpo\.m2\repository\io\smallrye\jandex\3.2.0\jandex-3.2.0.jar;C:\Users\Zenpo\.m2\repository\com\fasterxml\classmate\1.7.0\classmate-1.7.0.jar;C:\Users\Zenpo\.m2\repository\net\bytebuddy\byte-buddy\1.15.11\byte-buddy-1.15.11.jar;C:\Users\Zenpo\.m2\repository\org\glassfish\jaxb\jaxb-runtime\4.0.5\jaxb-runtime-4.0.5.jar;C:\Users\Zenpo\.m2\repository\org\glassfish\jaxb\jaxb-core\4.0.5\jaxb-core-4.0.5.jar;C:\Users\Zenpo\.m2\repository\org\eclipse\angus\angus-activation\2.0.2\angus-activation-2.0.2.jar;C:\Users\Zenpo\.m2\repository\org\glassfish\jaxb\txw2\4.0.5\txw2-4.0.5.jar;C:\Users\Zenpo\.m2\repository\com\sun\istack\istack-commons-runtime\4.1.2\istack-commons-runtime-4.1.2.jar;C:\Users\Zenpo\.m2\repository\jakarta\inject\jakarta.inject-api\2.0.1\jakarta.inject-api-2.0.1.jar;C:\Users\Zenpo\.m2\repository\org\antlr\antlr4-runtime\4.13.0\antlr4-runtime-4.13.0.jar;C:\Users\Zenpo\.m2\repository\org\springframework\data\spring-data-jpa\3.4.1\spring-data-jpa-3.4.1.jar;C:\Users\Zenpo\.m2\repository\org\springframework\data\spring-data-commons\3.4.1\spring-data-commons-3.4.1.jar;C:\Users\Zenpo\.m2\repository\org\springframework\spring-orm\6.2.1\spring-orm-6.2.1.jar;C:\Users\Zenpo\.m2\repository\org\springframework\spring-context\6.2.1\spring-context-6.2.1.jar;C:\Users\Zenpo\.m2\repository\org\springframework\spring-aop\6.2.1\spring-aop-6.2.1.jar;C:\Users\Zenpo\.m2\repository\org\springframework\spring-tx\6.2.1\spring-tx-6.2.1.jar;C:\Users\Zenpo\.m2\repository\org\springframework\spring-beans\6.2.1\spring-beans-6.2.1.jar;C:\Users\Zenpo\.m2\repository\org\slf4j\slf4j-api\2.0.16\slf4j-api-2.0.16.jar;C:\Users\Zenpo\.m2\repository\org\springframework\spring-aspects\6.2.1\spring-aspects-6.2.1.jar;C:\Users\Zenpo\.m2\repository\org\aspectj\aspectjweaver\1.9.22.1\aspectjweaver-1.9.22.1.jar;C:\Users\Zenpo\.m2\repository\org\springframework\boot\spring-boot-starter-web\3.4.1\spring-boot-starter-web-3.4.1.jar;C:\Users\Zenpo\.m2\repository\org\springframework\boot\spring-boot-starter-json\3.4.1\spring-boot-starter-json-3.4.1.jar;C:\Users\Zenpo\.m2\repository\com\fasterxml\jackson\core\jackson-databind\2.18.2\jackson-databind-2.18.2.jar;C:\Users\Zenpo\.m2\repository\com\fasterxml\jackson\core\jackson-annotations\2.18.2\jackson-annotations-2.18.2.jar;C:\Users\Zenpo\.m2\repository\com\fasterxml\jackson\core\jackson-core\2.18.2\jackson-core-2.18.2.jar;C:\Users\Zenpo\.m2\repository\com\fasterxml\jackson\datatype\jackson-datatype-jdk8\2.18.2\jackson-datatype-jdk8-2.18.2.jar;C:\Users\Zenpo\.m2\repository\com\fasterxml\jackson\datatype\jackson-datatype-jsr310\2.18.2\jackson-datatype-jsr310-2.18.2.jar;C:\Users\Zenpo\.m2\repository\com\fasterxml\jackson\module\jackson-module-parameter-names\2.18.2\jackson-module-parameter-names-2.18.2.jar;C:\Users\Zenpo\.m2\repository\org\springframework\boot\spring-boot-starter-tomcat\3.4.1\spring-boot-starter-tomcat-3.4.1.jar;C:\Users\Zenpo\.m2\repository\org\apache\tomcat\embed\tomcat-embed-core\10.1.34\tomcat-embed-core-10.1.34.jar;C:\Users\Zenpo\.m2\repository\org\apache\tomcat\embed\tomcat-embed-el\10.1.34\tomcat-embed-el-10.1.34.jar;C:\Users\Zenpo\.m2\repository\org\apache\tomcat\embed\tomcat-embed-websocket\10.1.34\tomcat-embed-websocket-10.1.34.jar;C:\Users\Zenpo\.m2\repository\org\springframework\spring-web\6.2.1\spring-web-6.2.1.jar;C:\Users\Zenpo\.m2\repository\io\micrometer\micrometer-observation\1.14.2\micrometer-observation-1.14.2.jar;C:\Users\Zenpo\.m2\repository\io\micrometer\micrometer-commons\1.14.2\micrometer-commons-1.14.2.jar;C:\Users\Zenpo\.m2\repository\org\springframework\spring-webmvc\6.2.1\spring-webmvc-6.2.1.jar;C:\Users\Zenpo\.m2\repository\org\springframework\spring-expression\6.2.1\spring-expression-6.2.1.jar;C:\Users\Zenpo\.m2\repository\com\mysql\mysql-connector-j\9.1.0\mysql-connector-j-9.1.0.jar;C:\Users\Zenpo\.m2\repository\jakarta\xml\bind\jakarta.xml.bind-api\4.0.2\jakarta.xml.bind-api-4.0.2.jar;C:\Users\Zenpo\.m2\repository\jakarta\activation\jakarta.activation-api\2.1.3\jakarta.activation-api-2.1.3.jar;C:\Users\Zenpo\.m2\repository\org\springframework\spring-core\6.2.1\spring-core-6.2.1.jar;C:\Users\Zenpo\.m2\repository\org\springframework\spring-jcl\6.2.1\spring-jcl-6.2.1.jar
Launcher Type: SUN_STANDARD

[Global flags]
     intx CICompilerCount                          = 4                                         {product} {ergonomic}
     uint ConcGCThreads                            = 3                                         {product} {ergonomic}
     uint G1ConcRefinementThreads                  = 10                                        {product} {ergonomic}
   size_t G1HeapRegionSize                         = 2097152                                   {product} {ergonomic}
    uintx GCDrainStackTargetSize                   = 64                                        {product} {ergonomic}
   size_t InitialHeapSize                          = 257949696                                 {product} {ergonomic}
     bool ManagementServer                         = true                                      {product} {command line}
   size_t MarkStackSize                            = 4194304                                   {product} {ergonomic}
   size_t MaxHeapSize                              = 4127195136                                {product} {ergonomic}
   size_t MaxNewSize                               = 2474639360                                {product} {ergonomic}
   size_t MinHeapDeltaBytes                        = 2097152                                   {product} {ergonomic}
   size_t MinHeapSize                              = 8388608                                   {product} {ergonomic}
    uintx NonNMethodCodeHeapSize                   = 4096                                   {pd product} {ergonomic}
    uintx NonProfiledCodeHeapSize                  = 0                                      {pd product} {ergonomic}
     bool ProfileInterpreter                       = false                                  {pd product} {command line}
    uintx ProfiledCodeHeapSize                     = 0                                      {pd product} {ergonomic}
   size_t SoftMaxHeapSize                          = 4127195136                             {manageable} {ergonomic}
     intx TieredStopAtLevel                        = 1                                         {product} {command line}
     bool UseCompressedOops                        = true                           {product lp64_product} {ergonomic}
     bool UseG1GC                                  = true                                      {product} {ergonomic}
     bool UseLargePagesIndividualAllocation        = false                                  {pd product} {ergonomic}

Logging:
Log output configuration:
 #0: stdout all=warning uptime,level,tags foldmultilines=false
 #1: stderr all=off uptime,level,tags foldmultilines=false

Environment Variables:
PATH=C:\Program Files (x86)\Common Files\Oracle\Java\javapath;C:\Program Files (x86)\VMware\VMware Player\bin\;C:\WINDOWS\system32;C:\WINDOWS;C:\WINDOWS\System32\Wbem;C:\WINDOWS\System32\WindowsPowerShell\v1.0\;C:\WINDOWS\System32\OpenSSH\;C:\Program Files\NVIDIA Corporation\NVIDIA NvDLISR;E:\123;C:\Program Files\Docker\Docker\resources\bin;C:\Program Files\dotnet\;C:\Program Files\Go\bin;C:\Users\Zenpo\AppData\Local\Programs\Python\Launcher\;C:\Users\Zenpo\AppData\Local\Microsoft\WindowsApps;C:\Program Files\JetBrains\PyCharm 2024.1.1\bin;;C:\Users\Zenpo\AppData\Local\Programs\Microsoft VS Code\bin;C:\Program Files\apache-maven-3.9.6\bin;C:\Users\Zenpo\.dotnet\tools;C:\Users\Zenpo\go\bin
USERNAME=Zenpo
OS=Windows_NT
PROCESSOR_IDENTIFIER=AMD64 Family 23 Model 96 Stepping 1, AuthenticAMD
TMP=C:\Users\Zenpo\AppData\Local\Temp
TEMP=C:\Users\Zenpo\AppData\Local\Temp




Periodic native trim disabled

---------------  S Y S T E M  ---------------

OS:
 Windows 10 , 64 bit Build 19041 (10.0.19041.5198)
OS uptime: 3 days 2:30 hours

CPU: total 12 (initial active 12) (12 cores per cpu, 2 threads per core) family 23 model 96 stepping 1 microcode 0x0, cx8, cmov, fxsr, ht, mmx, 3dnowpref, sse, sse2, sse3, ssse3, sse4a, sse4.1, sse4.2, popcnt, lzcnt, tsc, tscinvbit, avx, avx2, aes, clmul, bmi1, bmi2, adx, sha, fma, vzeroupper, clflush, clflushopt, rdtscp, rdpid, f16c
Processor Information for all 12 processors :
  Max Mhz: 3000, Current Mhz: 3000, Mhz Limit: 3000

Memory: 4k page, system-wide physical 15741M (1538M free)
TotalPageFile size 23741M (AvailPageFile size 12M)
current process WorkingSet (physical memory assigned to process): 113M, peak: 113M
current process commit charge ("private bytes"): 381M, peak: 381M

vm_info: OpenJDK 64-Bit Server VM (21.0.1+12-29) for windows-amd64 JRE (21.0.1+12-29), built on 2023-10-05T13:27:09Z by "mach5one" with MS VC++ 17.1 (VS2022)

END.
